+-----------------------------------+
| message                           |
+-----------------------------------+
| Testing procedures (insertion)... |
+-----------------------------------+
1 row in set (0.0086 sec)
Query OK, 0 rows affected (0.0058 sec)
Query OK, 1 row affected (0.5462 sec)
Query OK, 1 row affected (0.9163 sec)
Query OK, 1 row affected (0.2636 sec)
Query OK, 1 row affected (0.0936 sec)
Query OK, 1 row affected (0.2672 sec)
Query OK, 1 row affected (0.1000 sec)
ERROR: 1452 (23000): Cannot add or update a child row: a foreign key constraint fails (`jail`.`Crime_charges`, CONSTRAINT `Crime_charges_ibfk_2` FOREIGN KEY (`Crime_code`) REFERENCES `Crime_codes` (`Crime_code`))
Query OK, 1 row affected (0.0853 sec)
Query OK, 1 row affected (0.1590 sec)
Query OK, 1 row affected (0.1311 sec)
+-----------------------------------+
| message                           |
+-----------------------------------+
| Testing procedures (retrieval)... |
+-----------------------------------+
1 row in set (0.0064 sec)
Query OK, 0 rows affected (0.0056 sec)
+-------------+-------+-------+----------------+-------------+-------+-------+------------+----------+----------+
| Criminal_ID | Last  | First | Street         | City        | State | Zip   | Phone      | V_status | P_status |
+-------------+-------+-------+----------------+-------------+-------+-------+------------+----------+----------+
|      654321 | Smith | Alice | 456 Elm Street | Springfield | IL    | 62704 | 3125559821 | N        | N        |
+-------------+-------+-------+----------------+-------------+-------+-------+------------+----------+----------+
1 row in set (0.0104 sec)

Query OK, 0 rows affected (0.0104 sec)
+-------------+-------+-------+----------------+-------------+-------+-------+------------+----------+----------+
| Criminal_ID | Last  | First | Street         | City        | State | Zip   | Phone      | V_status | P_status |
+-------------+-------+-------+----------------+-------------+-------+-------+------------+----------+----------+
|      654321 | Smith | Alice | 456 Elm Street | Springfield | IL    | 62704 | 3125559821 | N        | N        |
+-------------+-------+-------+----------------+-------------+-------+-------+------------+----------+----------+
1 row in set (0.0108 sec)

Query OK, 0 rows affected (0.0108 sec)
+----------+
| Alias    |
+----------+
| A. Smith |
+----------+
1 row in set (0.0089 sec)

Query OK, 0 rows affected (0.0089 sec)
+-----------+-------------+----------------+--------------+--------+--------------+-----------------+
| Crime_ID  | Criminal_ID | Classification | Date_charged | Status | Hearing_date | Appeal_cut_date |
+-----------+-------------+----------------+--------------+--------+--------------+-----------------+
| 987654321 |      654321 | F              | 2023-03-21   | OP     | 2023-04-15   | 2023-05-20      |
+-----------+-------------+----------------+--------------+--------+--------------+-----------------+
1 row in set (0.0101 sec)

Query OK, 0 rows affected (0.0101 sec)
+-----------+-------------+----------------+--------------+--------+--------------+-----------------+
| Crime_ID  | Criminal_ID | Classification | Date_charged | Status | Hearing_date | Appeal_cut_date |
+-----------+-------------+----------------+--------------+--------+--------------+-----------------+
| 987654321 |      654321 | F              | 2023-03-21   | OP     | 2023-04-15   | 2023-05-20      |
+-----------+-------------+----------------+--------------+--------+--------------+-----------------+
1 row in set (0.0118 sec)

Query OK, 0 rows affected (0.0118 sec)
+---------+-------+-------+--------------+-----------+-------+-------+------------+-----------------------+--------+
| Prob_ID | Last  | First | Street       | City      | State | Zip   | Phone      | Email                 | Status |
+---------+-------+-------+--------------+-----------+-------+-------+------------+-----------------------+--------+
|   12345 | Smith | Joe   | 123 Maple St | Somewhere | CA    | 90001 | 1234567890 | joe.smith@example.com | A      |
+---------+-------+-------+--------------+-----------+-------+-------+------------+-----------------------+--------+
1 row in set (0.0104 sec)

Query OK, 0 rows affected (0.0104 sec)
Empty set (0.0119 sec)

Query OK, 0 rows affected (0.0119 sec)
+-------------+-------------+------+---------+------------+------------+------------+
| Sentence_ID | Criminal_ID | Type | Prob_ID | Start_date | End_date   | Violations |
+-------------+-------------+------+---------+------------+------------+------------+
|      123456 |      654321 | F    |   12345 | 2024-01-01 | 2024-12-31 |          0 |
+-------------+-------------+------+---------+------------+------------+------------+
1 row in set (0.0111 sec)

Query OK, 0 rows affected (0.0111 sec)
+-------------+-------------+------+---------+------------+------------+------------+
| Sentence_ID | Criminal_ID | Type | Prob_ID | Start_date | End_date   | Violations |
+-------------+-------------+------+---------+------------+------------+------------+
|      123456 |      654321 | F    |   12345 | 2024-01-01 | 2024-12-31 |          0 |
+-------------+-------------+------+---------+------------+------------+------------+
1 row in set (0.0116 sec)

Query OK, 0 rows affected (0.0116 sec)
Empty set (0.0086 sec)

Query OK, 0 rows affected (0.0086 sec)
Empty set (0.0109 sec)

Query OK, 0 rows affected (0.0109 sec)
Empty set (0.0334 sec)

Query OK, 0 rows affected (0.0334 sec)
Empty set (0.0098 sec)

Query OK, 0 rows affected (0.0098 sec)
+------------+-------+---------+----------+------------+------------+--------+
| Officer_ID | Last  | First   | Precinct | Badge      | Phone      | Status |
+------------+-------+---------+----------+------------+------------+--------+
|   87654321 | Brown | Charlie | P123     | B987654321 | 3125550147 | A      |
+------------+-------+---------+----------+------------+------------+--------+
1 row in set (0.0098 sec)

Query OK, 0 rows affected (0.0098 sec)
+------------+-------+---------+----------+------------+------------+--------+
| Officer_ID | Last  | First   | Precinct | Badge      | Phone      | Status |
+------------+-------+---------+----------+------------+------------+--------+
|   87654321 | Brown | Charlie | P123     | B987654321 | 3125550147 | A      |
+------------+-------+---------+----------+------------+------------+--------+
1 row in set (0.0099 sec)

Query OK, 0 rows affected (0.0099 sec)
+------------+-------+---------+
| Officer_ID | Last  | First   |
+------------+-------+---------+
|   87654321 | Brown | Charlie |
+------------+-------+---------+
1 row in set (0.0096 sec)

Query OK, 0 rows affected (0.0096 sec)
+-----------+--------+
| Crime_ID  | Status |
+-----------+--------+
| 987654321 | OP     |
+-----------+--------+
1 row in set (0.0091 sec)

Query OK, 0 rows affected (0.0091 sec)
+-----------+-----------+--------------+--------------+--------+
| Appeal_ID | Crime_ID  | Filling_date | Hearing_date | Status |
+-----------+-----------+--------------+--------------+--------+
|     54321 | 987654321 | 2023-04-01   | 2023-04-22   | P      |
+-----------+-----------+--------------+--------------+--------+
1 row in set (0.0089 sec)

Query OK, 0 rows affected (0.0089 sec)
+-----------+-----------+--------------+--------------+--------+
| Appeal_ID | Crime_ID  | Filling_date | Hearing_date | Status |
+-----------+-----------+--------------+--------------+--------+
|     54321 | 987654321 | 2023-04-01   | 2023-04-22   | P      |
+-----------+-----------+--------------+--------------+--------+
1 row in set (0.0090 sec)

Query OK, 0 rows affected (0.0090 sec)
+--------------------------------+
| message                        |
+--------------------------------+
| Testing procedures (update)... |
+--------------------------------+
1 row in set (0.0061 sec)
Query OK, 0 rows affected (0.0060 sec)
Query OK, 1 row affected (0.2740 sec)
Query OK, 0 rows affected (0.0096 sec)
Query OK, 0 rows affected (0.0100 sec)
Query OK, 1 row affected (0.0879 sec)
Query OK, 1 row affected (0.1148 sec)
Query OK, 1 row affected (0.2008 sec)
Query OK, 0 rows affected (0.1017 sec)
Query OK, 1 row affected (0.0965 sec)
+----------------------------------+
| message                          |
+----------------------------------+
| Testing procedures (deletion)... |
+----------------------------------+
1 row in set (0.0062 sec)
Query OK, 0 rows affected (0.0059 sec)
Query OK, 0 rows affected (0.4164 sec)
Query OK, 0 rows affected (0.0151 sec)
Query OK, 0 rows affected (0.1012 sec)
ERROR: 1451 (23000): Cannot delete or update a parent row: a foreign key constraint fails (`jail`.`Sentences`, CONSTRAINT `Sentences_ibfk_2` FOREIGN KEY (`Prob_ID`) REFERENCES `Prob_officers` (`Prob_ID`))
Query OK, 1 row affected (0.0720 sec)
Query OK, 0 rows affected (0.1432 sec)
Query OK, 0 rows affected (0.0081 sec)
Query OK, 1 row affected (0.1254 sec)
Query OK, 0 rows affected (0.0097 sec)
Query OK, 0 rows affected (0.0087 sec)
Empty set (0.0157 sec)
Empty set (0.0208 sec)
Empty set (0.0406 sec)
Empty set (0.0069 sec)
Empty set (0.0061 sec)
+---------+------+-------+----------------+-----------+-------+-------+------------+----------------------+--------+
| Prob_ID | Last | First | Street         | City      | State | Zip   | Phone      | Email                | Status |
+---------+------+-------+----------------+-----------+-------+-------+------------+----------------------+--------+
|   12345 | Doe  | John  | 123 Oak Street | Elsewhere | CA    | 90002 | 3105550198 | john.doe@example.com | A      |
+---------+------+-------+----------------+-----------+-------+-------+------------+----------------------+--------+
1 row in set (0.0070 sec)
Empty set (0.0066 sec)
Empty set (0.0063 sec)
Empty set (0.0073 sec)
Empty set (0.0072 sec)
Empty set (0.0059 sec)
Empty set (0.0062 sec)
+-----------------------+
| message               |
+-----------------------+
| Creating functions... |
+-----------------------+
1 row in set (0.0057 sec)
Query OK, 0 rows affected (0.0051 sec)
ERROR: 1064 (42000): You have an error in your SQL syntax; check the manual that corresponds to your MySQL server version for the right syntax to use near 'FUNCTION get_Total_fines(criminalID DECIMAL(6)) RETURNS DECIMAL(10,2)
BEGIN
    ' at line 1
+----------------------+
| message              |
+----------------------+
| Creating triggers... |
+----------------------+
1 row in set (0.0053 sec)
Query OK, 0 rows affected (0.0052 sec)
ERROR: 1064 (42000): You have an error in your SQL syntax; check the manual that corresponds to your MySQL server version for the right syntax to use near 'TRIGGER update_Crime_after_Appeal
AFTER UPDATE ON Appeals
FOR EACH ROW
BEGIN
   ' at line 1
Query OK, 0 rows affected (0.0049 sec)
ERROR: 1064 (42000): You have an error in your SQL syntax; check the manual that corresponds to your MySQL server version for the right syntax to use near 'TRIGGER update_Criminal_Probation_status
AFTER UPDATE ON Sentences
FOR EACH ROW
' at line 1